From https://github.com/thelogicguy/hng13-stage1
 * branch            main       -> FETCH_HEAD
Already up to date.
---------------------------------------------
Remote Hostname:  ip-172-31-25-162
OS:  PRETTY_NAME="Ubuntu 24.04.3 LTS"
Docker installed?:  Yes
---------------------------------------------
Hit:1 http://us-west-1.ec2.archive.ubuntu.com/ubuntu noble InRelease
Hit:2 http://us-west-1.ec2.archive.ubuntu.com/ubuntu noble-updates InRelease
Hit:3 http://us-west-1.ec2.archive.ubuntu.com/ubuntu noble-backports InRelease
Hit:4 https://download.docker.com/linux/ubuntu noble InRelease
Hit:5 http://security.ubuntu.com/ubuntu noble-security InRelease
Reading package lists...
Docker already installed
Docker Compose already installed
NGINX already installed
REMOTE_PREP_DONE
Stopping previous containers (if any)...
time="2025-10-21T11:26:15Z" level=warning msg="/home/ubuntu/app_deploy/docker-compose.yml: the attribute `version` is obsolete, it will be ignored, please remove it to avoid potential confusion"
 Container app_deploy-web-1  Stopping
 Container app_deploy-web-1  Stopped
 Container app_deploy-web-1  Removing
 Container app_deploy-web-1  Removed
 Network app_deploy_default  Removing
Starting containers...
 Network app_deploy_default  Removed
time="2025-10-21T11:26:25Z" level=warning msg="/home/ubuntu/app_deploy/docker-compose.yml: the attribute `version` is obsolete, it will be ignored, please remove it to avoid potential confusion"
#1 [internal] load local bake definitions
#1 reading from stdin 493B done
#1 DONE 0.0s

#2 [internal] load build definition from dockerfile
#2 transferring dockerfile: 321B done
#2 DONE 0.0s

#3 [internal] load metadata for docker.io/library/python:3.11-slim
#3 DONE 0.3s

#4 [internal] load .dockerignore
#4 transferring context: 2B done
#4 DONE 0.0s

#5 [1/4] FROM docker.io/library/python:3.11-slim@sha256:381952bf94549972abbac4a609a4bb54b6adf1ba71b1057a8e8453c03c017054
#5 DONE 0.0s

#6 [internal] load build context
#6 transferring context: 708B done
#6 DONE 0.0s

#7 [2/4] WORKDIR /app
#7 CACHED

#8 [3/4] COPY . .
#8 CACHED

#9 [4/4] RUN pip install --no-cache-dir -r requirements.txt
#9 CACHED

#10 exporting to image
#10 exporting layers done
#10 writing image sha256:de09566dce9459fcebe43217f93c44c83ee6d877add2185ae2708d65bfa18a48 done
#10 naming to docker.io/library/app_deploy-web done
#10 DONE 0.0s

#11 resolving provenance for metadata file
#11 DONE 0.0s
 app_deploy-web  Built
 Network app_deploy_default  Creating
 Network app_deploy_default  Created
 Container app_deploy-web-1  Creating
 Container app_deploy-web-1  Created
 Container app_deploy-web-1  Starting
DEPLOY_DONE
 Container app_deploy-web-1  Started
nginx: the configuration file /etc/nginx/nginx.conf syntax is ok
nginx: configuration file /etc/nginx/nginx.conf test is successful
NGINX_CONFIG_DONE
Checking Docker service...
Docker: active
Checking NGINX service...
NGINX: active
Listing running containers:
NAMES              STATUS          PORTS
app_deploy-web-1   Up 12 seconds   0.0.0.0:5000->5000/tcp, [::]:5000->5000/tcp
Testing local app endpoint (nginx -> container)...
App reachable via NGINX (localhost).
Showing last 5 lines of nginx access log (if any):
127.0.0.1 - - [21/Oct/2025:11:13:24 +0000] "GET / HTTP/1.1" 200 42 "-" "curl/8.5.0"
127.0.0.1 - - [21/Oct/2025:11:26:39 +0000] "GET / HTTP/1.1" 200 42 "-" "curl/8.5.0"
