Cloning into 'hng13-stage1'...
---------------------------------------------
Remote Hostname:  ip-172-31-25-162
OS:  PRETTY_NAME="Ubuntu 24.04.3 LTS"
Docker installed?:  Yes
---------------------------------------------
Hit:1 http://us-west-1.ec2.archive.ubuntu.com/ubuntu noble InRelease
Hit:2 http://us-west-1.ec2.archive.ubuntu.com/ubuntu noble-updates InRelease
Hit:3 http://us-west-1.ec2.archive.ubuntu.com/ubuntu noble-backports InRelease
Hit:4 https://download.docker.com/linux/ubuntu noble InRelease
Hit:5 http://security.ubuntu.com/ubuntu noble-security InRelease
Reading package lists...
Docker already installed
Docker Compose already installed
NGINX already installed
REMOTE_PREP_DONE
Stopping previous containers (if any)...
time="2025-10-21T11:21:46Z" level=warning msg="/home/ubuntu/app_deploy/docker-compose.yml: the attribute `version` is obsolete, it will be ignored, please remove it to avoid potential confusion"
 Container app_deploy-web-1  Stopping
 Container app_deploy-web-1  Stopped
 Container app_deploy-web-1  Removing
 Container app_deploy-web-1  Removed
 Network app_deploy_default  Removing
 Network app_deploy_default  Removed
Starting containers...
time="2025-10-21T11:21:56Z" level=warning msg="/home/ubuntu/app_deploy/docker-compose.yml: the attribute `version` is obsolete, it will be ignored, please remove it to avoid potential confusion"
#1 [internal] load local bake definitions
#1 reading from stdin 493B done
#1 DONE 0.0s

#2 [internal] load build definition from dockerfile
#2 transferring dockerfile: 321B done
#2 DONE 0.0s

#3 [internal] load metadata for docker.io/library/python:3.11-slim
#3 DONE 0.7s

#4 [internal] load .dockerignore
#4 transferring context: 2B done
#4 DONE 0.0s

#5 [1/4] FROM docker.io/library/python:3.11-slim@sha256:381952bf94549972abbac4a609a4bb54b6adf1ba71b1057a8e8453c03c017054
#5 DONE 0.0s

#6 [internal] load build context
#6 transferring context: 69.13kB done
#6 DONE 0.0s

#7 [2/4] WORKDIR /app
#7 CACHED

#8 [3/4] COPY . .
#8 DONE 0.1s

#9 [4/4] RUN pip install --no-cache-dir -r requirements.txt
#9 4.037 Collecting flask==3.0.3 (from -r requirements.txt (line 1))
#9 4.062   Downloading flask-3.0.3-py3-none-any.whl.metadata (3.2 kB)
#9 4.124 Collecting Werkzeug>=3.0.0 (from flask==3.0.3->-r requirements.txt (line 1))
#9 4.129   Downloading werkzeug-3.1.3-py3-none-any.whl.metadata (3.7 kB)
#9 4.184 Collecting Jinja2>=3.1.2 (from flask==3.0.3->-r requirements.txt (line 1))
#9 4.190   Downloading jinja2-3.1.6-py3-none-any.whl.metadata (2.9 kB)
#9 4.210 Collecting itsdangerous>=2.1.2 (from flask==3.0.3->-r requirements.txt (line 1))
#9 4.217   Downloading itsdangerous-2.2.0-py3-none-any.whl.metadata (1.9 kB)
#9 4.249 Collecting click>=8.1.3 (from flask==3.0.3->-r requirements.txt (line 1))
#9 4.254   Downloading click-8.3.0-py3-none-any.whl.metadata (2.6 kB)
#9 4.280 Collecting blinker>=1.6.2 (from flask==3.0.3->-r requirements.txt (line 1))
#9 4.285   Downloading blinker-1.9.0-py3-none-any.whl.metadata (1.6 kB)
#9 4.396 Collecting MarkupSafe>=2.0 (from Jinja2>=3.1.2->flask==3.0.3->-r requirements.txt (line 1))
#9 4.400   Downloading markupsafe-3.0.3-cp311-cp311-manylinux2014_x86_64.manylinux_2_17_x86_64.manylinux_2_28_x86_64.whl.metadata (2.7 kB)
#9 4.415 Downloading flask-3.0.3-py3-none-any.whl (101 kB)
#9 4.422    ━━━━━━━━━━━━━━━━━━━━━━━━━━━━━━━━━━━━━━━━ 101.7/101.7 kB 53.5 MB/s eta 0:00:00
#9 4.427 Downloading blinker-1.9.0-py3-none-any.whl (8.5 kB)
#9 4.431 Downloading click-8.3.0-py3-none-any.whl (107 kB)
#9 4.434    ━━━━━━━━━━━━━━━━━━━━━━━━━━━━━━━━━━━━━━━ 107.3/107.3 kB 249.6 MB/s eta 0:00:00
#9 4.438 Downloading itsdangerous-2.2.0-py3-none-any.whl (16 kB)
#9 4.442 Downloading jinja2-3.1.6-py3-none-any.whl (134 kB)
#9 4.445    ━━━━━━━━━━━━━━━━━━━━━━━━━━━━━━━━━━━━━━━ 134.9/134.9 kB 205.2 MB/s eta 0:00:00
#9 4.450 Downloading werkzeug-3.1.3-py3-none-any.whl (224 kB)
#9 4.454    ━━━━━━━━━━━━━━━━━━━━━━━━━━━━━━━━━━━━━━━ 224.5/224.5 kB 241.9 MB/s eta 0:00:00
#9 4.458 Downloading markupsafe-3.0.3-cp311-cp311-manylinux2014_x86_64.manylinux_2_17_x86_64.manylinux_2_28_x86_64.whl (22 kB)
#9 4.533 Installing collected packages: MarkupSafe, itsdangerous, click, blinker, Werkzeug, Jinja2, flask
#9 5.039 Successfully installed Jinja2-3.1.6 MarkupSafe-3.0.3 Werkzeug-3.1.3 blinker-1.9.0 click-8.3.0 flask-3.0.3 itsdangerous-2.2.0
#9 5.039 WARNING: Running pip as the 'root' user can result in broken permissions and conflicting behaviour with the system package manager. It is recommended to use a virtual environment instead: https://pip.pypa.io/warnings/venv
#9 5.126 
#9 5.126 [notice] A new release of pip is available: 24.0 -> 25.2
#9 5.126 [notice] To update, run: pip install --upgrade pip
#9 DONE 5.4s

#10 exporting to image
#10 exporting layers
#10 exporting layers 0.2s done
#10 writing image sha256:de09566dce9459fcebe43217f93c44c83ee6d877add2185ae2708d65bfa18a48 done
#10 naming to docker.io/library/app_deploy-web done
#10 DONE 0.3s

#11 resolving provenance for metadata file
#11 DONE 0.0s
 app_deploy-web  Built
 Network app_deploy_default  Creating
 Network app_deploy_default  Created
 Container app_deploy-web-1  Creating
 Container app_deploy-web-1  Created
 Container app_deploy-web-1  Starting
DEPLOY_DONE
 Container app_deploy-web-1  Started
2025/10/21 11:22:09 [emerg] 13466#13466: invalid number of arguments in "proxy_set_header" directive in /etc/nginx/sites-enabled/app.conf.bak:9
nginx: configuration file /etc/nginx/nginx.conf test failed
